bash: /home/syousefi/ssh-socks/ssh-socks-client.sh service: No such file or directory
[Sun Sep 25 23:34:52 +0330 2022] starting...
[Sun Sep 25 23:34:58 +0330 2022] socks server is running on port 3002
[Sun Sep 25 23:35:05 +0330 2022] socks server is running on port 3002
[Sun Sep 25 23:35:15 +0330 2022] socks server is running on port 3002
[Sun Sep 25 23:35:25 +0330 2022] socks server is running on port 3002
[Sun Sep 25 23:35:35 +0330 2022] socks server is running on port 3002
[Sun Sep 25 23:35:45 +0330 2022] socks server is running on port 3002
[Sun Sep 25 23:35:56 +0330 2022] socks server is running on port 3002
[Sun Sep 25 23:36:06 +0330 2022] socks server is running on port 3002
[Sun Sep 25 23:36:16 +0330 2022] socks server is running on port 3002
[Sun Sep 25 23:36:26 +0330 2022] socks server is running on port 3002
[Sun Sep 25 23:36:36 +0330 2022] socks server is running on port 3002
[Sun Sep 25 23:36:46 +0330 2022] socks server is running on port 3002
[Sun Sep 25 23:36:56 +0330 2022] socks server is running on port 3002
[Sun Sep 25 23:37:06 +0330 2022] socks server is running on port 3002
[Sun Sep 25 23:37:14 +0330 2022] starting...
[Sun Sep 25 23:37:20 +0330 2022] socks server is running on port 3002
[Sun Sep 25 23:37:27 +0330 2022] socks server is running on port 3002
[Sun Sep 25 23:37:37 +0330 2022] socks server is running on port 3002
[Sun Sep 25 23:37:47 +0330 2022] socks server is running on port 3002
[Sun Sep 25 23:37:57 +0330 2022] socks server is running on port 3002
checking...
server is not running
